<?xml version="1.0" encoding="UTF-8"?>
<!-- Generated by org.testng.reporters.JUnitXMLReporter -->
<testsuite ignored="0" hostname="LAPTOP-4V52DMIG" failures="0" tests="3" name="Default test" time="22.607" errors="0" timestamp="2021-04-06T16:06:32 IST">
  <testcase classname="tests.ForgotPasswordTest" name="resetPasswordForInvalidEmailAddressTest" time="4.177"/>
  <testcase classname="tests.ForgotPasswordTest" name="resetPasswordTest" time="5.522"/>
  <testcase classname="tests.ForgotPasswordTest" name="resetPasswordWithoutProvidingEmailAddressTest" time="4.151"/>
</testsuite> <!-- Default test -->
